Log file open, 01/09/19 09:03:36
LogWindows: Failed to load 'aqProf.dll' (GetLastError=126)
LogWindows: File 'aqProf.dll' does not exist
LogWindows: Failed to load 'VtuneApi.dll' (GetLastError=126)
LogWindows: File 'VtuneApi.dll' does not exist
LogWindows: Failed to load 'VtuneApi32e.dll' (GetLastError=126)
LogWindows: File 'VtuneApi32e.dll' does not exist
LogInit: Display: Running engine for game: CP_AssetPipeline
LogPlatformFile: Not using cached read wrapper
LogTaskGraph: Started task graph with 5 named threads and 23 total threads with 3 sets of task threads.
LogStats: Stats thread started at 0.275333
LogD3D11RHI: Loaded GFSDK_Aftermath_Lib.x64.dll
LogICUInternationalization: Display: ICU TimeZone Detection - Raw Offset: -7:00, Platform Override: ''
LogPluginManager: Mounting plugin Paper2D
LogPluginManager: Mounting plugin AISupport
LogPluginManager: Mounting plugin LightPropagationVolume
LogPluginManager: Mounting plugin CLionSourceCodeAccess
LogPluginManager: Mounting plugin CodeLiteSourceCodeAccess
LogPluginManager: Mounting plugin GitSourceControl
LogPluginManager: Mounting plugin KDevelopSourceCodeAccess
LogPluginManager: Mounting plugin NullSourceCodeAccess
LogPluginManager: Mounting plugin PerforceSourceControl
LogPluginManager: Mounting plugin SubversionSourceControl
LogPluginManager: Mounting plugin UObjectPlugin
LogPluginManager: Mounting plugin VisualStudioCodeSourceCodeAccess
LogPluginManager: Mounting plugin VisualStudioSourceCodeAccess
LogPluginManager: Mounting plugin XCodeSourceCodeAccess
LogPluginManager: Mounting plugin AssetManagerEditor
LogPluginManager: Mounting plugin CryptoKeys
LogPluginManager: Mounting plugin DataValidation
LogPluginManager: Mounting plugin FacialAnimation
LogPluginManager: Mounting plugin GameplayTagsEditor
LogPluginManager: Mounting plugin MacGraphicsSwitching
LogPluginManager: Mounting plugin MeshEditor
LogPluginManager: Mounting plugin MobileLauncherProfileWizard
LogPluginManager: Mounting plugin PluginBrowser
LogPluginManager: Mounting plugin SpeedTreeImporter
LogPluginManager: Mounting plugin DatasmithContent
LogPluginManager: Mounting plugin AlembicImporter
LogPluginManager: Mounting plugin AppleImageUtils
LogPluginManager: Mounting plugin AppleVision
LogPluginManager: Mounting plugin BackChannel
LogPluginManager: Mounting plugin CharacterAI
LogPluginManager: Mounting plugin GeometryCache
LogPluginManager: Mounting plugin HTML5Networking
LogPluginManager: Mounting plugin ProxyLODPlugin
LogPluginManager: Mounting plugin MagicLeap
LogPluginManager: Mounting plugin MagicLeapEmulator
LogPluginManager: Mounting plugin MagicLeapMedia
LogPluginManager: Mounting plugin AndroidMedia
LogPluginManager: Mounting plugin AvfMedia
LogPluginManager: Mounting plugin ImgMedia
LogPluginManager: Mounting plugin LinearTimecode
LogPluginManager: Mounting plugin MediaCompositing
LogPluginManager: Mounting plugin MediaPlayerEditor
LogPluginManager: Mounting plugin WmfMedia
LogPluginManager: Mounting plugin TcpMessaging
LogPluginManager: Mounting plugin UdpMessaging
LogPluginManager: Mounting plugin ActorSequence
LogPluginManager: Mounting plugin LevelSequenceEditor
LogPluginManager: Mounting plugin MatineeToLevelSequence
LogPluginManager: Mounting plugin NetcodeUnitTest
LogPluginManager: Mounting plugin NUTUnrealEngine4
LogPluginManager: Mounting plugin OnlineSubsystemGooglePlay
LogPluginManager: Mounting plugin OnlineSubsystemIOS
LogPluginManager: Mounting plugin OnlineSubsystem
LogPluginManager: Mounting plugin OnlineSubsystemNull
LogPluginManager: Mounting plugin OnlineSubsystemUtils
LogPluginManager: Mounting plugin LauncherChunkInstaller
LogPluginManager: Mounting plugin AndroidDeviceProfileSelector
LogPluginManager: Mounting plugin AndroidMoviePlayer
LogPluginManager: Mounting plugin AndroidPermission
LogPluginManager: Mounting plugin AppleMoviePlayer
LogPluginManager: Mounting plugin ArchVisCharacter
LogPluginManager: Mounting plugin AudioCapture
LogPluginManager: Mounting plugin CableComponent
LogPluginManager: Mounting plugin CustomMeshComponent
LogPluginManager: Mounting plugin EditableMesh
LogPluginManager: Mounting plugin ExampleDeviceProfileSelector
LogPluginManager: Mounting plugin GoogleCloudMessaging
LogPluginManager: Mounting plugin ImmediatePhysics
LogPluginManager: Mounting plugin IOSDeviceProfileSelector
LogPluginManager: Mounting plugin LinuxDeviceProfileSelector
LogPluginManager: Mounting plugin LocationServicesBPLibrary
LogPluginManager: Mounting plugin MobilePatchingUtils
LogPluginManager: Mounting plugin OculusVR
LogPluginManager: Plugin shader directory ../../../Engine/Plugins/Runtime/Oculus/OculusVR/Shaders found
LogPluginManager: Mapping shader source directory ../../../Engine/Plugins/Runtime/Oculus/OculusVR/Shaders to virtual directory /Plugin/OculusVR
LogPluginManager: Mounting plugin PhysXVehicles
LogPluginManager: Mounting plugin ProceduralMeshComponent
LogPluginManager: Mounting plugin RuntimePhysXCooking
LogPluginManager: Mounting plugin SteamVR
LogPluginManager: Mounting plugin WindowsMoviePlayer
LogStreaming: Display: Took  0.104s to configure plugins.
LogInit: Using libcurl 7.55.1-DEV
LogInit:  - built for x86_64-pc-win32
LogInit:  - supports SSL with OpenSSL/1.0.2h
LogInit:  - supports HTTP deflate (compression) using libz 1.2.8
LogInit:  - other features:
LogInit:      CURL_VERSION_SSL
LogInit:      CURL_VERSION_LIBZ
LogInit:      CURL_VERSION_IPV6
LogInit:      CURL_VERSION_ASYNCHDNS
LogInit:      CURL_VERSION_LARGEFILE
LogInit:      CURL_VERSION_IDN
LogInit:  CurlRequestOptions (configurable via config and command line):
LogInit:  - bVerifyPeer = false  - Libcurl will NOT verify peer certificate
LogInit:  - bUseHttpProxy = false  - Libcurl will NOT use HTTP proxy
LogInit:  - bDontReuseConnections = false  - Libcurl will reuse connections
LogInit:  - CertBundlePath = nullptr  - Libcurl will use whatever was configured at build time.
LogInit:  - MaxHostConnections = 16  - Libcurl will limit the number of connections to a host
LogInit:  - LocalHostAddr = Default
LogInit:  - BufferSize = 65536
LogInit: WinSock: version 1.1 (2.2), MaxSocks=32767, MaxUdp=65467
LogInit: Build: ++UE4+Release-4.20-CL-4369336
LogInit: Engine Version: 4.20.3-4369336+++UE4+Release-4.20
LogInit: Compatible Engine Version: 4.20.0-4212847+++UE4+Release-4.20
LogInit: Net CL: 4212847
LogInit: OS: Windows 10 (), CPU: Intel(R) Core(TM) i7-8809G CPU @ 3.10GHz, GPU: Radeon RX Vega M GH Graphics
LogInit: Compiled (64-bit): Sep 17 2018 12:26:19
LogInit: Compiled with Visual C++: 19.13.26129.00
LogInit: Build Configuration: Development
LogInit: Branch Name: ++UE4+Release-4.20
LogInit: Command Line: -EpicPortal  -epicusername="Aindel" -epicuserid=3197012184b6453991554fce33e1b995 -epiclocale=en-US
LogInit: Base Directory: C:/Program Files/Epic Games/UE_4.20/Engine/Binaries/Win64/
LogInit: Installed Engine Build: 1
LogDevObjectVersion: Number of dev versions registered: 20
LogDevObjectVersion:   Dev-Blueprints (B0D832E4-1F89-4F0D-ACCF-7EB736FD4AA2): 10
LogDevObjectVersion:   Dev-Build (E1C64328-A22C-4D53-A36C-8E866417BD8C): 0
LogDevObjectVersion:   Dev-Core (375EC13C-06E4-48FB-B500-84F0262A717E): 2
LogDevObjectVersion:   Dev-Editor (E4B068ED-F494-42E9-A231-DA0B2E46BB41): 24
LogDevObjectVersion:   Dev-Framework (CFFC743F-43B0-4480-9391-14DF171D2073): 34
LogDevObjectVersion:   Dev-Mobile (B02B49B5-BB20-44E9-A304-32B752E40360): 2
LogDevObjectVersion:   Dev-Networking (A4E4105C-59A1-49B5-A7C5-40C4547EDFEE): 0
LogDevObjectVersion:   Dev-Online (39C831C9-5AE6-47DC-9A44-9C173E1C8E7C): 0
LogDevObjectVersion:   Dev-Physics (78F01B33-EBEA-4F98-B9B4-84EACCB95AA2): 0
LogDevObjectVersion:   Dev-Platform (6631380F-2D4D-43E0-8009-CF276956A95A): 0
LogDevObjectVersion:   Dev-Rendering (12F88B9F-8875-4AFC-A67C-D90C383ABD29): 26
LogDevObjectVersion:   Dev-Sequencer (7B5AE74C-D270-4C10-A958-57980B212A5A): 9
LogDevObjectVersion:   Dev-VR (D7296918-1DD6-4BDD-9DE2-64A83CC13884): 2
LogDevObjectVersion:   Dev-LoadTimes (C2A15278-BFE7-4AFE-6C17-90FF531DF755): 1
LogDevObjectVersion:   Private-Geometry (6EACA3D4-40EC-4CC1-B786-8BED09428FC5): 3
LogDevObjectVersion:   Dev-AnimPhys (29E575DD-E0A3-4627-9D10-D276232CDCEA): 17
LogDevObjectVersion:   Dev-ReflectionCapture (6B266CEC-1EC7-4B8F-A30B-E4D90942FC07): 1
LogDevObjectVersion:   Dev-Automation (0DF73D61-A23F-47EA-B727-89E90C41499A): 1
LogDevObjectVersion:   FortniteMain (601D1886-AC64-4F84-AA16-D3DE0DEAC7D6): 12
LogDevObjectVersion:   Dev-Enterprise (9DFFBCD6-494F-0158-E221-12823C92A888): 1
LogStreaming: Display: Took  0.000s to delete old logs.
LogInit: Presizing for max 8388607 objects, including 0 objects not considered by GC, pre-allocating 0 bytes for permanent pool.
LogInit: Object subsystem initialized
[2019.01.09-16.03.36:411][  0]LogInit: Selected Device Profile: [Windows]
[2019.01.09-16.03.36:411][  0]LogInit: Applying CVar settings loaded from the selected device profile: [Windows]
[2019.01.09-16.03.36:422][  0]LogHAL: Display: Platform has ~ 16 GB [17094639616 / 17179869184 / 16], which maps to Larger [LargestMinGB=32, LargerMinGB=12, DefaultMinGB=8, SmallerMinGB=6, SmallestMinGB=0)
[2019.01.09-16.03.36:422][  0]LogInit: Setting Device Profile CVar: [[r.Vulkan.UseRealUBs:1]]
[2019.01.09-16.03.36:422][  0]LogInit: Going up to parent DeviceProfile []
[2019.01.09-16.03.36:422][  0]LogInit: Computer: eae-n-016
[2019.01.09-16.03.36:422][  0]LogInit: User: u0849311
[2019.01.09-16.03.36:422][  0]LogInit: CPU Page size=4096, Cores=4
[2019.01.09-16.03.36:422][  0]LogInit: High frequency timer resolution =3.023434 MHz
[2019.01.09-16.03.36:422][  0]LogMemory: Memory total: Physical=15.9GB (16GB approx)
[2019.01.09-16.03.36:422][  0]LogMemory: Platform Memory Stats for Windows
[2019.01.09-16.03.36:422][  0]LogMemory: Process Physical Memory: 100.68 MB used, 100.68 MB peak
[2019.01.09-16.03.36:422][  0]LogMemory: Process Virtual Memory: 89.41 MB used, 89.41 MB peak
[2019.01.09-16.03.36:422][  0]LogMemory: Physical Memory: 6456.05 MB used,  9846.67 MB free, 16302.72 MB total
[2019.01.09-16.03.36:422][  0]LogMemory: Virtual Memory: 4639.15 MB used,  9846.67 MB free, 134217728.00 MB total
[2019.01.09-16.03.36:437][  0]LogInit: Using OS detected language (en-US).
[2019.01.09-16.03.36:437][  0]LogInit: Using OS detected locale (en-US).
[2019.01.09-16.03.36:437][  0]LogTextLocalizationManager: No specific localization for 'en-US' exists, so the 'en' localization will be used.
[2019.01.09-16.03.36:750][  0]LogStreaming: Display: Took  0.314s to InitEngineTextLocalization.
[2019.01.09-16.03.36:750][  0]LogInit: Setting process to per monitor DPI aware
[2019.01.09-16.03.36:782][  0]LogSlate: New Slate User Created.  User Index 0, Is Virtual User: 0
[2019.01.09-16.03.36:782][  0]LogSlate: Slate User Registered.  User Index 0, Is Virtual User: 0
[2019.01.09-16.03.36:953][  0]LogHMD: Failed to initialize OpenVR with code 110
[2019.01.09-16.03.36:953][  0]LogD3D11RHI: D3D11 adapters:
[2019.01.09-16.03.37:002][  0]LogD3D11RHI:    0. 'Radeon RX Vega M GH Graphics' (Feature Level 11_0)
[2019.01.09-16.03.37:002][  0]LogD3D11RHI:       4042/0/8151 MB DedicatedVideo/DedicatedSystem/SharedSystem, Outputs:1, VendorId:0x1002
[2019.01.09-16.03.37:015][  0]LogD3D11RHI:    1. 'Intel(R) HD Graphics 630' (Feature Level 11_0)
[2019.01.09-16.03.37:015][  0]LogD3D11RHI:       128/0/8151 MB DedicatedVideo/DedicatedSystem/SharedSystem, Outputs:0, VendorId:0x8086
[2019.01.09-16.03.37:016][  0]LogD3D11RHI:    2. 'Microsoft Basic Render Driver' (Feature Level 11_0)
[2019.01.09-16.03.37:016][  0]LogD3D11RHI:       0/0/8151 MB DedicatedVideo/DedicatedSystem/SharedSystem, Outputs:0, VendorId:0x1414
[2019.01.09-16.03.37:016][  0]LogD3D11RHI: Chosen D3D11 Adapter: 0
[2019.01.09-16.03.37:022][  0]LogD3D11RHI: Creating new Direct3DDevice
[2019.01.09-16.03.37:022][  0]LogD3D11RHI:     GPU DeviceId: 0x694c (for the marketing name, search the web for "GPU Device Id")
[2019.01.09-16.03.37:022][  0]LogWindows: EnumDisplayDevices:
[2019.01.09-16.03.37:022][  0]LogWindows:    0. 'Radeon RX Vega M GH Graphics' (P:1 D:1)
[2019.01.09-16.03.37:022][  0]LogWindows:    1. 'Radeon RX Vega M GH Graphics' (P:0 D:0)
[2019.01.09-16.03.37:022][  0]LogWindows:    2. 'Radeon RX Vega M GH Graphics' (P:0 D:0)
[2019.01.09-16.03.37:023][  0]LogWindows:    3. 'Radeon RX Vega M GH Graphics' (P:0 D:0)
[2019.01.09-16.03.37:023][  0]LogWindows:    4. 'Radeon RX Vega M GH Graphics' (P:0 D:0)
[2019.01.09-16.03.37:023][  0]LogWindows:    5. 'Radeon RX Vega M GH Graphics' (P:0 D:0)
[2019.01.09-16.03.37:023][  0]LogWindows:    6. 'Radeon RX Vega M GH Graphics' (P:0 D:0)
[2019.01.09-16.03.37:024][  0]LogWindows:    7. 'Intel(R) HD Graphics 630' (P:0 D:0)
[2019.01.09-16.03.37:024][  0]LogWindows:    8. 'Intel(R) HD Graphics 630' (P:0 D:0)
[2019.01.09-16.03.37:024][  0]LogWindows: DebugString: PrimaryIsNotTheChoosenAdapter PrimaryIsNotTheChoosenAdapter FoundDriverCount:7 
[2019.01.09-16.03.37:024][  0]LogD3D11RHI:     Adapter Name: Radeon RX Vega M GH Graphics
[2019.01.09-16.03.37:024][  0]LogD3D11RHI:   Driver Version: Adrenalin 18.9.1 (internal:24.20.11026.2001, unified:24.20.11026.2001)
[2019.01.09-16.03.37:024][  0]LogD3D11RHI:      Driver Date: 8-30-2018
[2019.01.09-16.03.37:024][  0]LogRHI: Texture pool is 2829 MB (70% of 4042 MB)
[2019.01.09-16.03.37:089][  0]LogD3D11RHI: Async texture creation enabled
[2019.01.09-16.03.37:101][  0]LogD3D11RHI: GPU Timing Frequency: 25.000000 (Debug: 2 1)
[2019.01.09-16.03.37:102][  0]LogShaderCompilers: Guid format shader working directory is -34 characters bigger than the processId version (../../../../../../Users/u0849311/Documents/GitHub/CP_AssetPipeline/CP_AssetPipeline/Intermediate/Shaders/WorkingDirectory/5188/).
[2019.01.09-16.03.37:102][  0]LogShaderCompilers: Cleaned the shader compiler working directory 'C:/Users/u0849311/AppData/Local/Temp/UnrealShaderWorkingDir/97906529439298860692D7B14EEC0FE7/'.
[2019.01.09-16.03.37:352][  0]LogTemp: Display: Loaded TP AllDesktopTargetPlatform
[2019.01.09-16.03.37:364][  0]LogTemp: Display: Loaded TP MacClientTargetPlatform
[2019.01.09-16.03.37:376][  0]LogTemp: Display: Loaded TP MacNoEditorTargetPlatform
[2019.01.09-16.03.37:388][  0]LogTemp: Display: Loaded TP MacServerTargetPlatform
[2019.01.09-16.03.37:400][  0]LogTemp: Display: Loaded TP MacTargetPlatform
[2019.01.09-16.03.37:410][  0]LogTemp: Display: Loaded TP WindowsClientTargetPlatform
[2019.01.09-16.03.37:421][  0]LogTemp: Display: Loaded TP WindowsNoEditorTargetPlatform
[2019.01.09-16.03.37:433][  0]LogTemp: Display: Loaded TP WindowsServerTargetPlatform
[2019.01.09-16.03.37:439][  0]LogTemp: Display: Loaded TP WindowsTargetPlatform
[2019.01.09-16.03.37:503][  0]LogTemp: Display: Loaded TP AndroidTargetPlatform
[2019.01.09-16.03.37:503][  0]LogTemp: Display: Loaded TP AndroidTargetPlatform
[2019.01.09-16.03.37:503][  0]LogTemp: Display: Loaded TP AndroidTargetPlatform
[2019.01.09-16.03.37:503][  0]LogTemp: Display: Loaded TP AndroidTargetPlatform
[2019.01.09-16.03.37:503][  0]LogTemp: Display: Loaded TP AndroidTargetPlatform
[2019.01.09-16.03.37:503][  0]LogTemp: Display: Loaded TP AndroidTargetPlatform
[2019.01.09-16.03.37:503][  0]LogTemp: Display: Loaded TP AndroidTargetPlatform
[2019.01.09-16.03.37:503][  0]LogTemp: Display: Loaded TP AndroidTargetPlatform
[2019.01.09-16.03.37:503][  0]LogTemp: Display: Loaded TP AndroidTargetPlatform
[2019.01.09-16.03.37:503][  0]LogTemp: Display: Loaded TP AndroidTargetPlatform
[2019.01.09-16.03.37:503][  0]LogTemp: Display: Loaded TP AndroidTargetPlatform
[2019.01.09-16.03.37:503][  0]LogTemp: Display: Loaded TP AndroidTargetPlatform
[2019.01.09-16.03.37:503][  0]LogTemp: Display: Loaded TP AndroidTargetPlatform
[2019.01.09-16.03.37:503][  0]LogTemp: Display: Loaded TP AndroidTargetPlatform
[2019.01.09-16.03.37:503][  0]LogTemp: Display: Loaded TP AndroidTargetPlatform
[2019.01.09-16.03.37:503][  0]LogTemp: Display: Loaded TP AndroidTargetPlatform
[2019.01.09-16.03.37:503][  0]LogTemp: Display: Loaded TP AndroidTargetPlatform
[2019.01.09-16.03.37:503][  0]LogTemp: Display: Loaded TP AndroidTargetPlatform
[2019.01.09-16.03.37:505][  0]LogTemp: Display: Loaded TP HTML5TargetPlatform
[2019.01.09-16.03.37:559][  0]LogTemp: Display: Loaded TP IOSTargetPlatform
[2019.01.09-16.03.37:559][  0]LogTemp: Display: Loaded TP IOSTargetPlatform
[2019.01.09-16.03.37:579][  0]LogTemp: Display: Loaded TP TVOSTargetPlatform
[2019.01.09-16.03.37:579][  0]LogTemp: Display: Loaded TP TVOSTargetPlatform
[2019.01.09-16.03.37:589][  0]LogTemp: Display: Loaded TP LinuxClientTargetPlatform
[2019.01.09-16.03.37:600][  0]LogTemp: Display: Loaded TP LinuxNoEditorTargetPlatform
[2019.01.09-16.03.37:610][  0]LogTemp: Display: Loaded TP LinuxServerTargetPlatform
[2019.01.09-16.03.37:621][  0]LogTemp: Display: Loaded TP LinuxTargetPlatform
[2019.01.09-16.03.37:628][  0]LogTemp: Display: Loaded TP LuminTargetPlatform
[2019.01.09-16.03.37:628][  0]LogTargetPlatformManager: Display: Building Assets For Windows
[2019.01.09-16.03.37:685][  0]LogXGEController: Cannot use XGE Controller as Incredibuild is not installed on this machine.
[2019.01.09-16.03.37:685][  0]LogShaderCompilers: Cannot use XGE Shader Compiler as Incredibuild is not installed on this machine.
[2019.01.09-16.03.37:685][  0]LogShaderCompilers: Display: Using Local Shader Compiler.
[2019.01.09-16.03.38:342][  0]LogDerivedDataCache: Display: Max Cache Size: 512 MB
[2019.01.09-16.03.38:403][  0]LogDerivedDataCache: Loaded boot cache 0.06s 87MB C:/Users/u0849311/AppData/Local/UnrealEngine/4.20/DerivedDataCache/Boot.ddc.
[2019.01.09-16.03.38:403][  0]LogDerivedDataCache: Display: Loaded Boot cache: C:/Users/u0849311/AppData/Local/UnrealEngine/4.20/DerivedDataCache/Boot.ddc
[2019.01.09-16.03.38:404][  0]LogDerivedDataCache: FDerivedDataBackendGraph:  Pak pak cache file ../../../../../../Users/u0849311/Documents/GitHub/CP_AssetPipeline/CP_AssetPipeline/DerivedDataCache/DDC.ddp not found, will not use a pak cache.
[2019.01.09-16.03.38:404][  0]LogDerivedDataCache: Unable to find inner node Pak for hierarchical cache Hierarchy.
[2019.01.09-16.03.38:404][  0]LogDerivedDataCache: FDerivedDataBackendGraph:  CompressedPak pak cache file ../../../../../../Users/u0849311/Documents/GitHub/CP_AssetPipeline/CP_AssetPipeline/DerivedDataCache/Compressed.ddp not found, will not use a pak cache.
[2019.01.09-16.03.38:404][  0]LogDerivedDataCache: Unable to find inner node CompressedPak for hierarchical cache Hierarchy.
[2019.01.09-16.03.38:414][  0]LogDerivedDataCache: Display: Pak cache opened for reading ../../../Engine/DerivedDataCache/Compressed.ddp.
[2019.01.09-16.03.38:427][  0]LogDerivedDataCache: Using Local data cache path C:/Users/u0849311/AppData/Local/UnrealEngine/Common/DerivedDataCache: Writable
[2019.01.09-16.03.38:427][  0]LogDerivedDataCache: Shared data cache path not found in *engine.ini, will not use an Shared cache.
[2019.01.09-16.03.38:427][  0]LogDerivedDataCache: Unable to find inner node Shared for hierarchical cache Hierarchy.
[2019.01.09-16.03.38:443][  0]LogMaterial: Verifying Global Shaders for PCD3D_SM5
[2019.01.09-16.03.38:444][  0]LogSlate: Using FreeType 2.6.0
[2019.01.09-16.03.38:444][  0]LogSlate: SlateFontServices - WITH_FREETYPE: 1, WITH_HARFBUZZ: 1
[2019.01.09-16.03.38:510][  0]LogAssetRegistry: FAssetRegistry took 0.0256 seconds to start up
[2019.01.09-16.03.38:801][  0]LogInit: Selected Device Profile: [Windows]
[2019.01.09-16.03.38:918][  0]LogSimplygon: Simplygon DLL not present - disabling.
[2019.01.09-16.03.38:922][  0]LogMeshReduction: Using SimplygonSwarm for distributed automatic mesh merging
[2019.01.09-16.03.38:922][  0]LogMeshReduction: Using ProxyLODMeshReduction for automatic mesh merging
[2019.01.09-16.03.38:922][  0]LogMeshReduction: Using QuadricMeshReduction for automatic static mesh reduction
[2019.01.09-16.03.38:922][  0]LogMeshReduction: No automatic skeletal mesh reduction module available
[2019.01.09-16.03.38:935][  0]LogNetVersion: CP_AssetPipeline 1.0.0, NetCL: 4212847, EngineNetVer: 5, GameNetVer: 0 (Checksum: 1436402566)
[2019.01.09-16.03.39:404][  0]LogPackageLocalizationCache: Processed 11 localized package path(s) for 2 prioritized culture(s) in 0.088997 seconds
[2019.01.09-16.03.39:410][  0]LogUObjectArray: 38425 objects as part of root set at end of initial load.
[2019.01.09-16.03.39:410][  0]LogUObjectAllocator: 6690864 out of 0 bytes used by permanent object pool.
[2019.01.09-16.03.39:410][  0]LogUObjectArray: CloseDisregardForGC: 0/0 objects in disregard for GC pool
[2019.01.09-16.03.40:215][  0]LogTcpMessaging: Initializing TcpMessaging bridge
[2019.01.09-16.03.40:237][  0]LogUdpMessaging: Initializing bridge on interface 0.0.0.0:0 to multicast group 230.0.0.1:6666.
[2019.01.09-16.03.40:368][  0]SourceControl: Source control is disabled
[2019.01.09-16.03.40:368][  0]SourceControl: Source control is disabled
[2019.01.09-16.03.40:369][  0]SourceControl: Source control is disabled
[2019.01.09-16.03.40:371][  0]SourceControl: Source control is disabled
[2019.01.09-16.03.40:523][  0]LogAndroidPermission: UAndroidPermissionCallbackProxy::GetInstance
[2019.01.09-16.03.40:593][  0]LogOcInput: OculusInput pre-init called
[2019.01.09-16.03.40:650][  0]LogEngine: Initializing Engine...
[2019.01.09-16.03.40:650][  0]LogHMD: Failed to initialize OpenVR with code 110
[2019.01.09-16.03.40:651][  0]LogStats: UGameplayTagsManager::ConstructGameplayTagTree: ImportINI prefixes -  0.000 s
[2019.01.09-16.03.40:651][  0]LogStats: UGameplayTagsManager::ConstructGameplayTagTree: Construct from data asset -  0.000 s
[2019.01.09-16.03.40:651][  0]LogStats: UGameplayTagsManager::ConstructGameplayTagTree: ImportINI -  0.000 s
[2019.01.09-16.03.40:651][  0]LogStats: UGameplayTagsManager::ConstructGameplayTagTree: GameplayTagTreeChangedEvent.Broadcast -  0.000 s
[2019.01.09-16.03.40:834][  0]LogInit: Initializing FReadOnlyCVARCache
[2019.01.09-16.03.40:847][  0]LogAIModule: Creating AISystem for world Untitled
[2019.01.09-16.03.40:879][  0]LogInit: XAudio2 using '1 - CintiqPro24P (AMD High Definition Audio Device)' : 2 channels at 48 kHz using 16 bits per sample (channel mask 0x3)
[2019.01.09-16.03.40:905][  0]LogInit: FAudioDevice initialized.
[2019.01.09-16.03.40:906][  0]LogNetVersion: Set ProjectVersion to 1.0.0.0. Version Checksum will be recalculated on next use.
[2019.01.09-16.03.40:994][  0]LogDerivedDataCache: Saved boot cache 0.09s 87MB C:/Users/u0849311/AppData/Local/UnrealEngine/4.20/DerivedDataCache/Boot.ddc.
[2019.01.09-16.03.41:007][  0]LogInit: Texture streaming: Enabled
[2019.01.09-16.03.41:023][  0]LogEngineSessionManager: EngineSessionManager initialized
[2019.01.09-16.03.41:039][  0]LogInit: Transaction tracking system initialized
[2019.01.09-16.03.41:059][  0]BlueprintLog: New page: Editor Load
[2019.01.09-16.03.41:173][  0]LocalizationService: Localization service is disabled
[2019.01.09-16.03.41:413][  0]LogFileCache: Scanning file cache for directory 'C:/Users/u0849311/Documents/GitHub/CP_AssetPipeline/CP_AssetPipeline/Content/' took 0.01s
[2019.01.09-16.03.41:413][  0]LogCook: Display: Max memory allowance for cook 16384mb min free memory 0mb
[2019.01.09-16.03.41:413][  0]LogCook: Display: Mobile HDR setting 1
[2019.01.09-16.03.41:414][  0]LogGameplayTags: Display: UGameplayTagsManager::DoneAddingNativeTags. DelegateIsBound: 0
[2019.01.09-16.03.41:414][  0]LogStats: UGameplayTagsManager::ConstructGameplayTagTree: ImportINI prefixes -  0.000 s
[2019.01.09-16.03.41:414][  0]LogStats: UGameplayTagsManager::ConstructGameplayTagTree: Construct from data asset -  0.000 s
[2019.01.09-16.03.41:414][  0]LogStats: UGameplayTagsManager::ConstructGameplayTagTree: ImportINI -  0.000 s
[2019.01.09-16.03.41:414][  0]LogStats: UGameplayTagsManager::ConstructGameplayTagTree: GameplayTagTreeChangedEvent.Broadcast -  0.000 s
[2019.01.09-16.03.41:533][  0]SourceControl: Source control is disabled
[2019.01.09-16.03.41:534][  0]Cmd: MAP LOAD FILE="../../../Engine/Content/Maps/Templates/Template_Default.umap" TEMPLATE=1 SHOWPROGRESS=1 FEATURELEVEL=3
[2019.01.09-16.03.41:534][  0]LightingResults: New page: Lighting Build
[2019.01.09-16.03.41:537][  0]MapCheck: New page: Map Check
[2019.01.09-16.03.41:537][  0]LightingResults: New page: Lighting Build
[2019.01.09-16.03.41:711][  0]LogAIModule: Creating AISystem for world Untitled_1
[2019.01.09-16.03.41:717][  0]LogEditorServer: Finished looking for orphan Actors (0.000 secs)
[2019.01.09-16.03.41:739][  0]Cmd: MAP CHECKDEP NOCLEARLOG
[2019.01.09-16.03.41:801][  0]MapCheck: Map check complete: 0 Error(s), 0 Warning(s), took 61.57ms to complete.
[2019.01.09-16.03.41:801][  0]LogFileHelpers: Loading map 'Template_Default' took 0.268
[2019.01.09-16.03.42:169][  0]LogSlate: Updating window title bar state: overlay mode, drag disabled, window buttons hidden, title bar hidden
[2019.01.09-16.03.42:178][  0]LogSlate: Updating window title bar state: overlay mode, drag disabled, window buttons hidden, title bar hidden
[2019.01.09-16.03.42:184][  0]LogSlate: Updating window title bar state: overlay mode, drag disabled, window buttons hidden, title bar hidden
[2019.01.09-16.03.42:190][  0]LogSlate: Updating window title bar state: overlay mode, drag disabled, window buttons hidden, title bar hidden
[2019.01.09-16.03.42:209][  0]LogCollectionManager: Loaded 0 collections in 0.001582 seconds
[2019.01.09-16.03.42:278][  0]LogFileCache: Scanning file cache for directory 'C:/Users/u0849311/Documents/GitHub/CP_AssetPipeline/CP_AssetPipeline/Saved/Collections/' took 0.01s
[2019.01.09-16.03.42:278][  0]LogFileCache: Scanning file cache for directory 'C:/Users/u0849311/Documents/GitHub/CP_AssetPipeline/CP_AssetPipeline/Content/Developers/u0849311/Collections/' took 0.01s
[2019.01.09-16.03.42:278][  0]LogFileCache: Scanning file cache for directory 'C:/Users/u0849311/Documents/GitHub/CP_AssetPipeline/CP_AssetPipeline/Content/Collections/' took 0.01s
[2019.01.09-16.03.42:278][  0]LogCollectionManager: Rebuilt the GUID cache for 0 collections in 0.000000 seconds
[2019.01.09-16.03.42:289][  0]LogContentBrowser: Native class hierarchy populated in 0.0094 seconds. Added 2572 classes and 603 folders.
[2019.01.09-16.03.42:307][  0]LogContentBrowser: Native class hierarchy updated for 'WidgetCarousel' in 0.0002 seconds. Added 0 classes and 0 folders.
[2019.01.09-16.03.42:375][  0]LogContentBrowser: Native class hierarchy updated for 'AddContentDialog' in 0.0002 seconds. Added 0 classes and 0 folders.
[2019.01.09-16.03.42:390][  0]LogContentBrowser: Native class hierarchy updated for 'SceneOutliner' in 0.0002 seconds. Added 1 classes and 2 folders.
[2019.01.09-16.03.42:466][  0]LogSlate: Took 0.000184 seconds to synchronously load lazily loaded font '../../../Engine/Content/Slate/Fonts/Roboto-Regular.ttf' (155K)
[2019.01.09-16.03.42:468][  0]LogSlate: Took 0.000148 seconds to synchronously load lazily loaded font '../../../Engine/Content/Slate/Fonts/Roboto-Bold.ttf' (160K)
[2019.01.09-16.03.42:483][  0]LogSlate: Took 0.006170 seconds to synchronously load lazily loaded font '../../../Engine/Content/Editor/Slate/Fonts/FontAwesome.ttf' (139K)
[2019.01.09-16.03.42:605][  0]LogRenderer: Reallocating scene render targets to support 1208x576 Format 10 NumSamples 1 (Frame:1).
[2019.01.09-16.03.42:867][  0]LogSlate: FSceneViewport::OnFocusLost() reason 2
[2019.01.09-16.03.42:881][  0]LogSlate: Window 'Tutorials' being destroyed
[2019.01.09-16.03.42:911][  0]LogContentBrowser: Native class hierarchy updated for 'HierarchicalLODOutliner' in 0.0003 seconds. Added 0 classes and 0 folders.
[2019.01.09-16.03.42:911][  0]LogLoad: (Engine Initialization) Total time: 8.17 seconds
[2019.01.09-16.03.42:911][  0]LogLoad: (Engine Initialization) Total Blueprint compile time: 0.00 seconds
[2019.01.09-16.03.42:922][  0]LogWindowsTextInputMethodSystem: Display: IME system now deactivated.
[2019.01.09-16.03.42:948][  0]LogAssetRegistry: Asset discovery search completed in 4.4602 seconds
[2019.01.09-16.03.42:949][  0]LogCollectionManager: Rebuilt the object cache for 0 collections in 0.000000 seconds (found 0 objects)
[2019.01.09-16.03.42:949][  0]LogCollectionManager: Fixed up redirectors for 0 collections in 0.000037 seconds (updated 0 objects)
[2019.01.09-16.03.42:952][  0]LogContentStreaming: Texture pool size now 1000 MB
[2019.01.09-16.03.53:736][281]LogSlate: FSceneViewport::OnFocusLost() reason 0
[2019.01.09-16.03.54:104][318]LogActorFactory: Actor Factory created Cube
[2019.01.09-16.03.55:724][507]LogActorFactory: Actor Factory created Cube
[2019.01.09-16.04.01:870][179]LogSlate: FSceneViewport::OnFocusLost() reason 0
[2019.01.09-16.04.02:095][204]LogActorFactory: Actor Factory created Cube
[2019.01.09-16.04.06:172][684]LogActorFactory: Actor Factory created Cube
[2019.01.09-16.04.14:020][592]LogSlate: FSceneViewport::OnFocusLost() reason 0
[2019.01.09-16.04.14:354][630]LogActorFactory: Actor Factory created Cube
[2019.01.09-16.04.15:726][784]LogActorFactory: Actor Factory created Cube
[2019.01.09-16.04.19:579][231]LogSlate: FSceneViewport::OnFocusLost() reason 0
[2019.01.09-16.04.19:804][256]LogActorFactory: Actor Factory created Cube
[2019.01.09-16.04.21:248][424]LogActorFactory: Actor Factory created Cube
[2019.01.09-16.04.45:953][165]LogSlate: FSceneViewport::OnFocusLost() reason 0
[2019.01.09-16.04.46:158][187]LogActorFactory: Actor Factory created Cube
[2019.01.09-16.04.47:052][288]LogActorFactory: Actor Factory created Cube
[2019.01.09-16.05.05:232][258]LogSlate: FSceneViewport::OnFocusLost() reason 0
[2019.01.09-16.05.05:419][278]LogActorFactory: Actor Factory created Cube
[2019.01.09-16.05.06:507][402]LogActorFactory: Actor Factory created Cube
[2019.01.09-16.05.09:054][699]LogEditorViewport: Clicking on Actor (LMB): StaticMeshActor (Cube6)
[2019.01.09-16.05.20:264][999]LogSlate: FSceneViewport::OnFocusLost() reason 0
[2019.01.09-16.05.20:477][ 22]LogActorFactory: Actor Factory created Cube
[2019.01.09-16.05.22:980][311]LogActorFactory: Actor Factory created Cube
[2019.01.09-16.05.25:886][652]LogSlate: FSceneViewport::OnFocusLost() reason 0
[2019.01.09-16.05.26:142][681]LogActorFactory: Actor Factory created Cube
[2019.01.09-16.05.27:749][866]LogActorFactory: Actor Factory created Cube
[2019.01.09-16.05.31:751][332]LogSlate: FSceneViewport::OnFocusLost() reason 0
[2019.01.09-16.05.31:910][349]LogActorFactory: Actor Factory created Cube
[2019.01.09-16.05.33:200][496]LogActorFactory: Actor Factory created Cube
[2019.01.09-16.05.35:934][813]LogSlate: FSceneViewport::OnFocusLost() reason 0
[2019.01.09-16.05.36:108][832]LogActorFactory: Actor Factory created Cube
[2019.01.09-16.05.37:823][ 29]LogActorFactory: Actor Factory created Cube
[2019.01.09-16.05.48:893][297]LogEditorViewport: Clicking on Actor (LMB): StaticMeshActor (Cube9)
[2019.01.09-16.05.53:605][817]LogSlate: FSceneViewport::OnFocusLost() reason 0
[2019.01.09-16.05.53:789][836]LogActorFactory: Actor Factory created Cube
[2019.01.09-16.05.55:762][ 64]LogActorFactory: Actor Factory created Cube
[2019.01.09-16.06.01:380][724]LogSlate: FSceneViewport::OnFocusLost() reason 0
[2019.01.09-16.06.01:539][741]LogActorFactory: Actor Factory created Cube
[2019.01.09-16.06.04:685][109]LogActorFactory: Actor Factory created Cube
[2019.01.09-16.06.07:551][440]LogSlate: FSceneViewport::OnFocusLost() reason 0
[2019.01.09-16.06.07:760][463]LogActorFactory: Actor Factory created Cube
[2019.01.09-16.06.09:076][613]LogActorFactory: Actor Factory created Cube
[2019.01.09-16.06.20:510][928]LogSlate: FSceneViewport::OnFocusLost() reason 0
[2019.01.09-16.06.20:677][945]LogActorFactory: Actor Factory created Cube
[2019.01.09-16.06.23:096][227]LogActorFactory: Actor Factory created Cube
[2019.01.09-16.06.28:524][835]LogSlate: FSceneViewport::OnFocusLost() reason 0
[2019.01.09-16.06.28:690][852]LogActorFactory: Actor Factory created Cube
[2019.01.09-16.06.30:526][ 64]LogActorFactory: Actor Factory created Cube
[2019.01.09-16.06.33:354][392]LogSlate: FSceneViewport::OnFocusLost() reason 0
[2019.01.09-16.06.33:521][410]LogActorFactory: Actor Factory created Cube
[2019.01.09-16.06.35:005][579]LogActorFactory: Actor Factory created Cube
[2019.01.09-16.06.37:186][829]LogSlate: FSceneViewport::OnFocusLost() reason 0
[2019.01.09-16.06.37:352][847]LogActorFactory: Actor Factory created Cube
[2019.01.09-16.06.38:915][ 21]LogActorFactory: Actor Factory created Cube
[2019.01.09-16.06.42:637][430]LogEditorViewport: Clicking on Actor (LMB): StaticMeshActor (Cube15)
[2019.01.09-16.06.45:686][753]LogEditorViewport: Clicking on Actor (LMB): StaticMeshActor (Cube16)
[2019.01.09-16.06.51:966][489]LogEditorViewport: Clicking on Actor (LMB): StaticMeshActor (Cube15)
[2019.01.09-16.07.00:818][497]LogEditorViewport: Clicking on Actor (LMB): StaticMeshActor (Cube17)
[2019.01.09-16.07.05:735][ 47]LogSlate: FSceneViewport::OnFocusLost() reason 0
[2019.01.09-16.07.05:884][ 62]LogActorFactory: Actor Factory created Cube
[2019.01.09-16.07.07:746][275]LogActorFactory: Actor Factory created Cube
[2019.01.09-16.07.21:244][753]LogEditorViewport: Clicking on Actor (LMB): StaticMeshActor (Cube9)
[2019.01.09-16.07.28:235][528]LogSlate: FSceneViewport::OnFocusLost() reason 0
[2019.01.09-16.07.28:459][552]LogActorFactory: Actor Factory created Cube
[2019.01.09-16.07.30:655][801]LogActorFactory: Actor Factory created Cube
[2019.01.09-16.07.40:310][905]LogSlate: FSceneViewport::OnFocusLost() reason 0
[2019.01.09-16.07.40:476][922]LogActorFactory: Actor Factory created Cube
[2019.01.09-16.07.43:187][230]LogActorFactory: Actor Factory created Cube
[2019.01.09-16.07.50:406][  7]LogSlate: FSceneViewport::OnFocusLost() reason 0
[2019.01.09-16.07.50:563][ 23]LogActorFactory: Actor Factory created Cube
[2019.01.09-16.07.52:145][201]LogActorFactory: Actor Factory created Cube
[2019.01.09-16.07.54:680][492]LogSlate: FSceneViewport::OnFocusLost() reason 0
[2019.01.09-16.07.54:840][509]LogActorFactory: Actor Factory created Cube
[2019.01.09-16.07.55:468][574]LogActorFactory: Actor Factory created Cube
[2019.01.09-16.07.58:110][880]LogSlate: FSceneViewport::OnFocusLost() reason 0
[2019.01.09-16.07.58:245][894]LogActorFactory: Actor Factory created Cube
[2019.01.09-16.07.59:342][ 13]LogActorFactory: Actor Factory created Cube
[2019.01.09-16.08.09:021][ 51]LogEditorViewport: Clicking on Actor (LMB): StaticMeshActor (Cube21)
[2019.01.09-16.08.17:219][962]LogSlate: FSceneViewport::OnFocusLost() reason 0
[2019.01.09-16.08.17:435][986]LogActorFactory: Actor Factory created Plane
[2019.01.09-16.08.17:764][ 16]LogActorFactory: Actor Factory created Plane
[2019.01.09-16.08.19:232][181]LogActorFactory: Actor Factory created Plane
[2019.01.09-16.08.26:214][  6]Cmd: DELETE
[2019.01.09-16.08.26:214][  6]Cmd: ACTOR DELETE
[2019.01.09-16.08.26:227][  6]LogEditorActor: Deleted Actor: StaticMeshActor
[2019.01.09-16.08.26:246][  6]LogEditorActor: Deleted 1 Actors (0.027 secs)
[2019.01.09-16.08.28:696][298]LogSlate: FSceneViewport::OnFocusLost() reason 0
[2019.01.09-16.08.33:965][899]LogSlate: FSceneViewport::OnFocusLost() reason 2
[2019.01.09-16.08.45:730][262]LogActorComponent: UnregisterComponent: (/Engine/Transient.SphereBrushComponent) Not registered. Aborting.
[2019.01.09-16.09.00:874][995]LogEditorViewport: Clicking on Actor (LMB): StaticMeshActor (Cube10)
[2019.01.09-16.09.01:581][ 73]LogEditorViewport: Clicking on Actor (LMB): StaticMeshActor (Floor)
[2019.01.09-16.09.02:206][141]LogEditorViewport: Clicking on Actor (LMB): Character (Character)
[2019.01.09-16.09.03:506][288]Cmd: DELETE
[2019.01.09-16.09.03:506][288]Cmd: ACTOR DELETE
[2019.01.09-16.09.03:507][288]LogEditorActor: Deleted Actor: Character
[2019.01.09-16.09.03:527][288]LogEditorActor: Deleted 1 Actors (0.021 secs)
[2019.01.09-16.09.05:933][575]LogSlate: FSceneViewport::OnFocusLost() reason 0
[2019.01.09-16.09.14:036][582]LogSlate: Window 'Save Level As' being destroyed
[2019.01.09-16.09.14:042][582]LogSlate: FSceneViewport::OnFocusLost() reason 3
[2019.01.09-16.09.14:112][582]LogSlate: Took 0.000161 seconds to synchronously load lazily loaded font '../../../Engine/Content/Slate/Fonts/Roboto-Light.ttf' (167K)
[2019.01.09-16.09.14:145][582]Cmd: OBJ SAVEPACKAGE PACKAGE="/Game/CP_Map" FILE="../../../../../../Users/u0849311/Documents/GitHub/CP_AssetPipeline/CP_AssetPipeline/Content/CP_Map.umap" SILENT=true AUTOSAVING=false KEEPDIRTY=false
[2019.01.09-16.09.14:211][582]LogSavePackage: Moving '../../../../../../Users/u0849311/Documents/GitHub/CP_AssetPipeline/CP_AssetPipeline/Saved/CP_MapAFD6E43E4AA11494BEE088915EDCA8DD.tmp' to '../../../../../../Users/u0849311/Documents/GitHub/CP_AssetPipeline/CP_AssetPipeline/Content/CP_Map.umap'
[2019.01.09-16.09.14:240][582]Cmd: OBJ SAVEPACKAGE PACKAGE="/Game/CP_Map_BuiltData" FILE="../../../../../../Users/u0849311/Documents/GitHub/CP_AssetPipeline/CP_AssetPipeline/Content/CP_Map_BuiltData.uasset" SILENT=true
[2019.01.09-16.09.14:259][582]LogSavePackage: Moving '../../../../../../Users/u0849311/Documents/GitHub/CP_AssetPipeline/CP_AssetPipeline/Saved/CP_Map_BuiltData760302E343687EE8FBFC5189068E673F.tmp' to '../../../../../../Users/u0849311/Documents/GitHub/CP_AssetPipeline/CP_AssetPipeline/Content/CP_Map_BuiltData.uasset'
[2019.01.09-16.09.14:266][582]LogFileHelpers: Saving map 'CP_Map' took 0.222
[2019.01.09-16.09.18:219][ 51]LogSlate: FSceneViewport::OnFocusLost() reason 2
[2019.01.09-16.09.24:212][766]LogSlate: FSceneViewport::OnFocusLost() reason 0
[2019.01.09-16.09.25:402][899]LogSlate: Window 'CP_AssetPipeline - Unreal Editor' being destroyed
[2019.01.09-16.09.25:617][900]Cmd: QUIT_EDITOR
[2019.01.09-16.09.25:633][900]LogWindowsTextInputMethodSystem: Display: IME system now deactivated.
[2019.01.09-16.09.25:646][900]LogExit: Preparing to exit.
[2019.01.09-16.09.26:442][900]LogExit: Editor shut down
[2019.01.09-16.09.26:442][900]LogExit: Transaction tracking system shut down
[2019.01.09-16.09.26:717][900]LogExit: Object subsystem successfully closed.
[2019.01.09-16.09.26:732][900]LogShaderCompilers: Display: Shaders left to compile 0
[2019.01.09-16.09.26:735][900]LogD3D11RHI: Shutdown
[2019.01.09-16.09.26:735][900]LogD3D11RHI: CleanupD3DDevice
[2019.01.09-16.09.26:738][900]LogD3D11RHI: ~FD3D11DynamicRHI
[2019.01.09-16.09.26:761][900]LogModuleManager: Shutting down and abandoning module HierarchicalLODOutliner (612)
[2019.01.09-16.09.26:761][900]LogModuleManager: Shutting down and abandoning module SceneOutliner (610)
[2019.01.09-16.09.26:761][900]LogModuleManager: Shutting down and abandoning module AddContentDialog (608)
[2019.01.09-16.09.26:761][900]LogModuleManager: Shutting down and abandoning module WidgetCarousel (607)
[2019.01.09-16.09.26:761][900]LogModuleManager: Shutting down and abandoning module EditorWidgets (604)
[2019.01.09-16.09.26:761][900]LogModuleManager: Shutting down and abandoning module CollectionManager (602)
[2019.01.09-16.09.26:761][900]LogModuleManager: Shutting down and abandoning module HierarchicalLODUtilities (600)
[2019.01.09-16.09.26:761][900]LogModuleManager: Shutting down and abandoning module StatsViewer (598)
[2019.01.09-16.09.26:761][900]LogModuleManager: Shutting down and abandoning module FoliageEdit (596)
[2019.01.09-16.09.26:762][900]LogModuleManager: Shutting down and abandoning module LandscapeEditor (594)
[2019.01.09-16.09.26:762][900]LogModuleManager: Shutting down and abandoning module MeshPaintMode (592)
[2019.01.09-16.09.26:762][900]LogModuleManager: Shutting down and abandoning module SceneDepthPickerMode (590)
[2019.01.09-16.09.26:762][900]LogModuleManager: Shutting down and abandoning module ActorPickerMode (588)
[2019.01.09-16.09.26:762][900]LogModuleManager: Shutting down and abandoning module GeometryMode (586)
[2019.01.09-16.09.26:762][900]LogModuleManager: Shutting down and abandoning module TextureAlignMode (584)
[2019.01.09-16.09.26:762][900]LogModuleManager: Shutting down and abandoning module BspMode (582)
[2019.01.09-16.09.26:762][900]LogModuleManager: Shutting down and abandoning module PIEPreviewDeviceProfileSelector (580)
[2019.01.09-16.09.26:762][900]LogModuleManager: Shutting down and abandoning module SequenceRecorderSections (578)
[2019.01.09-16.09.26:762][900]LogModuleManager: Shutting down and abandoning module AutomationWorker (576)
[2019.01.09-16.09.26:762][900]LogModuleManager: Shutting down and abandoning module AudioCaptureEditor (574)
[2019.01.09-16.09.26:762][900]LogModuleManager: Shutting down and abandoning module SequenceRecorder (573)
[2019.01.09-16.09.26:762][900]LogModuleManager: Shutting down and abandoning module MatineeToLevelSequence (570)
[2019.01.09-16.09.26:762][900]LogModuleManager: Shutting down and abandoning module LevelSequenceEditor (568)
[2019.01.09-16.09.26:762][900]LogModuleManager: Shutting down and abandoning module PlacementMode (567)
[2019.01.09-16.09.26:762][900]LogModuleManager: Shutting down and abandoning module MaterialEditor (566)
[2019.01.09-16.09.26:762][900]LogModuleManager: Shutting down and abandoning module WmfMediaFactory (562)
[2019.01.09-16.09.26:762][900]LogModuleManager: Shutting down and abandoning module WmfMediaEditor (560)
[2019.01.09-16.09.26:762][900]LogModuleManager: Shutting down and abandoning module MediaPlayerEditor (558)
[2019.01.09-16.09.26:762][900]LogModuleManager: Shutting down and abandoning module OpenExrWrapper (556)
[2019.01.09-16.09.26:762][900]LogModuleManager: Shutting down and abandoning module ImgMediaFactory (554)
[2019.01.09-16.09.26:762][900]LogModuleManager: Shutting down and abandoning module ImgMediaEditor (552)
[2019.01.09-16.09.26:762][900]LogModuleManager: Shutting down and abandoning module AvfMediaFactory (550)
[2019.01.09-16.09.26:762][900]LogModuleManager: Shutting down and abandoning module AvfMediaEditor (548)
[2019.01.09-16.09.26:762][900]LogModuleManager: Shutting down and abandoning module AndroidMediaFactory (546)
[2019.01.09-16.09.26:762][900]LogModuleManager: Shutting down and abandoning module AndroidMediaEditor (544)
[2019.01.09-16.09.26:762][900]LogModuleManager: Shutting down and abandoning module MagicLeapCameraPreviewFactory (542)
[2019.01.09-16.09.26:762][900]LogModuleManager: Shutting down and abandoning module MagicLeapMediaFactory (540)
[2019.01.09-16.09.26:762][900]LogModuleManager: Shutting down and abandoning module MagicLeapMediaEditor (538)
[2019.01.09-16.09.26:762][900]LogModuleManager: Shutting down and abandoning module CharacterAI (536)
[2019.01.09-16.09.26:762][900]LogModuleManager: Shutting down and abandoning module SmartSnapping (534)
[2019.01.09-16.09.26:762][900]LogModuleManager: Shutting down and abandoning module SessionServices (532)
[2019.01.09-16.09.26:762][900]LogModuleManager: Shutting down and abandoning module ViewportSnapping (530)
[2019.01.09-16.09.26:762][900]LogModuleManager: Shutting down and abandoning module ViewportInteraction (528)
[2019.01.09-16.09.26:762][900]LogModuleManager: Shutting down and abandoning module ClothPainter (526)
[2019.01.09-16.09.26:762][900]LogModuleManager: Shutting down and abandoning module SkeletalMeshEditor (525)
[2019.01.09-16.09.26:762][900]LogModuleManager: Shutting down and abandoning module LogVisualizer (522)
[2019.01.09-16.09.26:762][900]LogModuleManager: Shutting down and abandoning module IntroTutorials (520)
[2019.01.09-16.09.26:762][900]LogModuleManager: Shutting down and abandoning module GameProjectGeneration (519)
[2019.01.09-16.09.26:762][900]LogModuleManager: Shutting down and abandoning module LuminPlatformEditor (516)
[2019.01.09-16.09.26:763][900]LogModuleManager: Shutting down and abandoning module IOSPlatformEditor (514)
[2019.01.09-16.09.26:763][900]LogModuleManager: Shutting down and abandoning module HTML5PlatformEditor (512)
[2019.01.09-16.09.26:763][900]LogModuleManager: Shutting down and abandoning module AndroidPlatformEditor (510)
[2019.01.09-16.09.26:763][900]LogModuleManager: Shutting down and abandoning module AndroidDeviceDetection (509)
[2019.01.09-16.09.27:402][900]LogModuleManager: Shutting down and abandoning module WindowsPlatformEditor (506)
[2019.01.09-16.09.27:402][900]LogModuleManager: Shutting down and abandoning module LuminRuntimeSettings (504)
[2019.01.09-16.09.27:402][900]LogModuleManager: Shutting down and abandoning module IOSRuntimeSettings (502)
[2019.01.09-16.09.27:402][900]LogModuleManager: Shutting down and abandoning module AndroidRuntimeSettings (500)
[2019.01.09-16.09.27:402][900]LogModuleManager: Shutting down and abandoning module InputBindingEditor (498)
[2019.01.09-16.09.27:402][900]LogModuleManager: Shutting down and abandoning module MergeActors (496)
[2019.01.09-16.09.27:403][900]LogModuleManager: Shutting down and abandoning module LocalizationDashboard (494)
[2019.01.09-16.09.27:403][900]LogModuleManager: Shutting down and abandoning module LocalizationService (493)
[2019.01.09-16.09.27:403][900]LogModuleManager: Shutting down and abandoning module HardwareTargeting (490)
[2019.01.09-16.09.27:403][900]LogModuleManager: Shutting down and abandoning module DeviceProfileEditor (488)
[2019.01.09-16.09.27:403][900]LogModuleManager: Shutting down and abandoning module UndoHistory (486)
[2019.01.09-16.09.27:403][900]LogModuleManager: Shutting down and abandoning module XmlParser (484)
[2019.01.09-16.09.27:403][900]LogModuleManager: Shutting down and abandoning module Blutility (482)
[2019.01.09-16.09.27:403][900]LogModuleManager: Shutting down and abandoning module ProjectSettingsViewer (480)
[2019.01.09-16.09.27:403][900]LogModuleManager: Shutting down and abandoning module ProjectTargetPlatformEditor (479)
[2019.01.09-16.09.27:403][900]LogModuleManager: Shutting down and abandoning module EditorSettingsViewer (476)
[2019.01.09-16.09.27:403][900]LogModuleManager: Shutting down and abandoning module SettingsEditor (474)
[2019.01.09-16.09.27:403][900]LogModuleManager: Shutting down and abandoning module ProjectLauncher (472)
[2019.01.09-16.09.27:403][900]LogModuleManager: Shutting down and abandoning module SessionFrontend (470)
[2019.01.09-16.09.27:403][900]LogModuleManager: Shutting down and abandoning module ProfilerClient (468)
[2019.01.09-16.09.27:403][900]LogModuleManager: Shutting down and abandoning module DeviceManager (466)
[2019.01.09-16.09.27:403][900]LogModuleManager: Shutting down and abandoning module TargetDeviceServices (465)
[2019.01.09-16.09.27:469][900]LogModuleManager: Shutting down and abandoning module AutomationController (462)
[2019.01.09-16.09.27:469][900]LogModuleManager: Shutting down and abandoning module AutomationWindow (460)
[2019.01.09-16.09.27:469][900]LogModuleManager: Shutting down and abandoning module Layers (458)
[2019.01.09-16.09.27:469][900]LogModuleManager: Shutting down and abandoning module ComponentVisualizers (456)
[2019.01.09-16.09.27:469][900]LogModuleManager: Shutting down and abandoning module DetailCustomizations (454)
[2019.01.09-16.09.27:469][900]LogModuleManager: Shutting down and abandoning module PackagesDialog (452)
[2019.01.09-16.09.27:469][900]LogModuleManager: Shutting down and abandoning module Persona (450)
[2019.01.09-16.09.27:469][900]LogModuleManager: Shutting down and abandoning module AdvancedPreviewScene (449)
[2019.01.09-16.09.27:469][900]LogModuleManager: Shutting down and abandoning module AnimGraph (447)
[2019.01.09-16.09.27:469][900]LogModuleManager: Shutting down and abandoning module Kismet (444)
[2019.01.09-16.09.27:470][900]LogModuleManager: Shutting down and abandoning module GraphEditor (442)
[2019.01.09-16.09.27:470][900]LogModuleManager: Shutting down and abandoning module ClassViewer (440)
[2019.01.09-16.09.27:470][900]LogModuleManager: Shutting down and abandoning module Toolbox (438)
[2019.01.09-16.09.27:470][900]LogModuleManager: Shutting down and abandoning module ModuleUI (436)
[2019.01.09-16.09.27:470][900]LogModuleManager: Shutting down and abandoning module MovieSceneTools (434)
[2019.01.09-16.09.27:470][900]LogModuleManager: Shutting down and abandoning module OutputLog (432)
[2019.01.09-16.09.27:470][900]LogModuleManager: Shutting down and abandoning module GammaUI (430)
[2019.01.09-16.09.27:470][900]LogModuleManager: Shutting down and abandoning module Documentation (428)
[2019.01.09-16.09.27:470][900]LogModuleManager: Shutting down and abandoning module MovieSceneTracks (426)
[2019.01.09-16.09.27:470][900]LogModuleManager: Shutting down and abandoning module MovieScene (424)
[2019.01.09-16.09.27:470][900]LogModuleManager: Shutting down and abandoning module StreamingPauseRendering (422)
[2019.01.09-16.09.27:470][900]LogModuleManager: Shutting down and abandoning module LauncherPlatform (420)
[2019.01.09-16.09.27:470][900]LogModuleManager: Shutting down and abandoning module AnalyticsET (418)
[2019.01.09-16.09.27:470][900]LogModuleManager: Shutting down and abandoning module PortalServices (416)
[2019.01.09-16.09.27:470][900]LogModuleManager: Shutting down and abandoning module PortalRpc (414)
[2019.01.09-16.09.27:470][900]LogModuleManager: Shutting down and abandoning module MessagingRpc (412)
[2019.01.09-16.09.27:470][900]LogModuleManager: Shutting down and abandoning module AIModule (410)
[2019.01.09-16.09.27:470][900]LogModuleManager: Shutting down and abandoning module GameplayDebugger (409)
[2019.01.09-16.09.27:470][900]LogModuleManager: Shutting down and abandoning module AITestSuite (407)
[2019.01.09-16.09.27:470][900]LogModuleManager: Shutting down and abandoning module NavigationSystem (405)
[2019.01.09-16.09.27:470][900]LogModuleManager: Shutting down and abandoning module DesktopPlatform (402)
[2019.01.09-16.09.27:470][900]LogModuleManager: Shutting down and abandoning module ProfilerService (400)
[2019.01.09-16.09.27:476][900]LogModuleManager: Shutting down and abandoning module TaskGraph (398)
[2019.01.09-16.09.27:476][900]LogModuleManager: Shutting down and abandoning module SteamVRController (396)
[2019.01.09-16.09.27:476][900]LogModuleManager: Shutting down and abandoning module ProceduralMeshComponentEditor (394)
[2019.01.09-16.09.27:476][900]LogModuleManager: Shutting down and abandoning module ProceduralMeshComponent (392)
[2019.01.09-16.09.27:476][900]LogModuleManager: Shutting down and abandoning module OculusInput (390)
[2019.01.09-16.09.27:476][900]LogModuleManager: Shutting down and abandoning module MobilePatchingUtils (388)
[2019.01.09-16.09.27:476][900]LogModuleManager: Shutting down and abandoning module EditableMesh (386)
[2019.01.09-16.09.27:476][900]LogModuleManager: Shutting down and abandoning module CustomMeshComponent (384)
[2019.01.09-16.09.27:476][900]LogModuleManager: Shutting down and abandoning module CableComponent (382)
[2019.01.09-16.09.27:476][900]LogModuleManager: Shutting down and abandoning module AudioCapture (380)
[2019.01.09-16.09.27:476][900]LogModuleManager: Shutting down and abandoning module ArchVisCharacter (378)
[2019.01.09-16.09.27:476][900]LogModuleManager: Shutting down and abandoning module AndroidPermission (376)
[2019.01.09-16.09.27:477][900]LogModuleManager: Shutting down and abandoning module NUTUnrealEngine4 (374)
[2019.01.09-16.09.27:477][900]LogModuleManager: Shutting down and abandoning module NetcodeUnitTest (372)
[2019.01.09-16.09.27:477][900]LogModuleManager: Shutting down and abandoning module MediaCompositingEditor (370)
[2019.01.09-16.09.27:477][900]LogModuleManager: Shutting down and abandoning module MediaCompositing (368)
[2019.01.09-16.09.27:477][900]LogModuleManager: Shutting down and abandoning module LinearTimecode (366)
[2019.01.09-16.09.27:477][900]LogModuleManager: Shutting down and abandoning module ImgMedia (364)
[2019.01.09-16.09.27:479][900]LogModuleManager: Shutting down and abandoning module HTML5Networking (362)
[2019.01.09-16.09.27:479][900]LogModuleManager: Shutting down and abandoning module GeometryCacheTracks (360)
[2019.01.09-16.09.27:479][900]LogModuleManager: Shutting down and abandoning module GeometryCacheSequencer (358)
[2019.01.09-16.09.27:480][900]LogModuleManager: Shutting down and abandoning module BackChannel (356)
[2019.01.09-16.09.27:480][900]LogModuleManager: Shutting down and abandoning module AppleVision (354)
[2019.01.09-16.09.27:480][900]LogModuleManager: Shutting down and abandoning module AppleImageUtils (352)
[2019.01.09-16.09.27:480][900]LogModuleManager: Shutting down and abandoning module AlembicImporter (350)
[2019.01.09-16.09.27:480][900]LogModuleManager: Shutting down and abandoning module AlembicLibrary (349)
[2019.01.09-16.09.27:480][900]LogModuleManager: Shutting down and abandoning module GeometryCache (348)
[2019.01.09-16.09.27:480][900]LogModuleManager: Shutting down and abandoning module GeometryCacheEd (347)
[2019.01.09-16.09.27:480][900]LogModuleManager: Shutting down and abandoning module DatasmithContentEditor (342)
[2019.01.09-16.09.27:480][900]LogModuleManager: Shutting down and abandoning module DatasmithContent (340)
[2019.01.09-16.09.27:480][900]LogModuleManager: Shutting down and abandoning module SpeedTreeImporter (338)
[2019.01.09-16.09.27:480][900]LogModuleManager: Shutting down and abandoning module PluginBrowser (336)
[2019.01.09-16.09.27:480][900]LogModuleManager: Shutting down and abandoning module MobileLauncherProfileWizard (334)
[2019.01.09-16.09.27:480][900]LogModuleManager: Shutting down and abandoning module PolygonModeling (332)
[2019.01.09-16.09.27:480][900]LogModuleManager: Shutting down and abandoning module MeshEditor (330)
[2019.01.09-16.09.27:480][900]LogModuleManager: Shutting down and abandoning module CryptoKeysOpenSSL (328)
[2019.01.09-16.09.27:480][900]LogModuleManager: Shutting down and abandoning module CryptoKeys (326)
[2019.01.09-16.09.27:480][900]LogModuleManager: Shutting down and abandoning module VisualStudioSourceCodeAccess (324)
[2019.01.09-16.09.27:480][900]LogModuleManager: Shutting down and abandoning module VisualStudioCodeSourceCodeAccess (322)
[2019.01.09-16.09.27:480][900]LogModuleManager: Shutting down and abandoning module UObjectPlugin (320)
[2019.01.09-16.09.27:480][900]LogModuleManager: Shutting down and abandoning module SubversionSourceControl (318)
[2019.01.09-16.09.27:480][900]LogModuleManager: Shutting down and abandoning module PerforceSourceControl (316)
[2019.01.09-16.09.27:480][900]LogModuleManager: Shutting down and abandoning module GitSourceControl (314)
[2019.01.09-16.09.27:480][900]LogModuleManager: Shutting down and abandoning module SourceControl (313)
[2019.01.09-16.09.27:481][900]LogModuleManager: Shutting down and abandoning module CLionSourceCodeAccess (310)
[2019.01.09-16.09.27:481][900]LogModuleManager: Shutting down and abandoning module LightPropagationVolumeEditor (308)
[2019.01.09-16.09.27:481][900]LogModuleManager: Shutting down and abandoning module PaperTiledImporter (306)
[2019.01.09-16.09.27:481][900]LogModuleManager: Shutting down and abandoning module PaperSpriteSheetImporter (304)
[2019.01.09-16.09.27:481][900]LogModuleManager: Shutting down and abandoning module Paper2DEditor (302)
[2019.01.09-16.09.27:481][900]LogModuleManager: Shutting down and abandoning module MeshPaint (301)
[2019.01.09-16.09.27:481][900]LogModuleManager: Shutting down and abandoning module RuntimePhysXCooking (298)
[2019.01.09-16.09.27:481][900]LogModuleManager: Shutting down and abandoning module PhysXVehiclesEditor (296)
[2019.01.09-16.09.27:481][900]LogModuleManager: Shutting down and abandoning module PhysXVehicles (294)
[2019.01.09-16.09.27:481][900]LogModuleManager: Shutting down and abandoning module OculusEditor (292)
[2019.01.09-16.09.27:481][900]LogModuleManager: Shutting down and abandoning module LocationServicesBPLibrary (290)
[2019.01.09-16.09.27:481][900]LogModuleManager: Shutting down and abandoning module ImmediatePhysicsEditor (288)
[2019.01.09-16.09.27:481][900]LogModuleManager: Shutting down and abandoning module ImmediatePhysics (286)
[2019.01.09-16.09.27:481][900]LogModuleManager: Shutting down and abandoning module ActorSequence (284)
[2019.01.09-16.09.27:481][900]LogModuleManager: Shutting down and abandoning module UdpMessaging (282)
[2019.01.09-16.09.27:582][900]LogModuleManager: Shutting down and abandoning module TcpMessaging (280)
[2019.01.09-16.09.27:683][900]LogModuleManager: Shutting down and abandoning module MagicLeapAudio (278)
[2019.01.09-16.09.27:683][900]LogModuleManager: Shutting down and abandoning module GameplayTagsEditor (276)
[2019.01.09-16.09.27:683][900]LogModuleManager: Shutting down and abandoning module FacialAnimationEditor (274)
[2019.01.09-16.09.27:683][900]LogModuleManager: Shutting down and abandoning module FacialAnimation (272)
[2019.01.09-16.09.27:683][900]LogModuleManager: Shutting down and abandoning module DataValidation (270)
[2019.01.09-16.09.27:683][900]LogModuleManager: Shutting down and abandoning module AssetManagerEditor (268)
[2019.01.09-16.09.27:683][900]LogModuleManager: Shutting down and abandoning module LevelEditor (267)
[2019.01.09-16.09.27:683][900]LogModuleManager: Shutting down and abandoning module PixelInspectorModule (266)
[2019.01.09-16.09.27:683][900]LogModuleManager: Shutting down and abandoning module CommonMenuExtensions (264)
[2019.01.09-16.09.27:683][900]LogModuleManager: Shutting down and abandoning module MainFrame (262)
[2019.01.09-16.09.27:683][900]LogModuleManager: Shutting down and abandoning module HotReload (261)
[2019.01.09-16.09.27:684][900]LogModuleManager: Shutting down and abandoning module ContentBrowser (257)
[2019.01.09-16.09.27:685][900]LogModuleManager: Shutting down and abandoning module TreeMap (255)
[2019.01.09-16.09.27:685][900]LogModuleManager: Shutting down and abandoning module LightPropagationVolumeRuntime (252)
[2019.01.09-16.09.27:685][900]LogModuleManager: Shutting down and abandoning module AISupportModule (250)
[2019.01.09-16.09.27:685][900]LogModuleManager: Shutting down and abandoning module Paper2D (248)
[2019.01.09-16.09.27:685][900]LogModuleManager: Shutting down and abandoning module WindowsMoviePlayer (246)
[2019.01.09-16.09.27:685][900]LogModuleManager: Shutting down and abandoning module WmfMedia (244)
[2019.01.09-16.09.27:686][900]LogModuleManager: Shutting down and abandoning module Media (243)
[2019.01.09-16.09.27:692][900]LogModuleManager: Shutting down and abandoning module PacketHandler (240)
[2019.01.09-16.09.27:692][900]LogModuleManager: Shutting down and abandoning module ClothingSystemEditor (238)
[2019.01.09-16.09.27:692][900]LogModuleManager: Shutting down and abandoning module ClothingSystemRuntime (236)
[2019.01.09-16.09.27:692][900]LogModuleManager: Shutting down and abandoning module MediaAssets (234)
[2019.01.09-16.09.27:692][900]LogModuleManager: Shutting down and abandoning module Overlay (232)
[2019.01.09-16.09.27:692][900]LogModuleManager: Shutting down and abandoning module OverlayEditor (231)
[2019.01.09-16.09.27:692][900]LogModuleManager: Shutting down and abandoning module VREditor (228)
[2019.01.09-16.09.27:692][900]LogModuleManager: Shutting down and abandoning module StringTableEditor (226)
[2019.01.09-16.09.27:692][900]LogModuleManager: Shutting down and abandoning module GameplayTasksEditor (224)
[2019.01.09-16.09.27:692][900]LogModuleManager: Shutting down and abandoning module BehaviorTreeEditor (222)
[2019.01.09-16.09.27:692][900]LogModuleManager: Shutting down and abandoning module FunctionalTesting (220)
[2019.01.09-16.09.27:692][900]LogModuleManager: Shutting down and abandoning module CollisionAnalyzer (218)
[2019.01.09-16.09.27:692][900]LogModuleManager: Shutting down and abandoning module WorkspaceMenuStructure (217)
[2019.01.09-16.09.27:692][900]LogModuleManager: Shutting down and abandoning module UMG (214)
[2019.01.09-16.09.27:692][900]LogModuleManager: Shutting down and abandoning module UMGEditor (213)
[2019.01.09-16.09.27:692][900]LogModuleManager: Shutting down and abandoning module Sequencer (212)
[2019.01.09-16.09.27:692][900]LogModuleManager: Shutting down and abandoning module MessageLog (209)
[2019.01.09-16.09.27:692][900]LogModuleManager: Shutting down and abandoning module SlateReflector (204)
[2019.01.09-16.09.27:692][900]LogModuleManager: Shutting down and abandoning module Slate (202)
[2019.01.09-16.09.27:692][900]LogModuleManager: Shutting down and abandoning module EditorStyle (200)
[2019.01.09-16.09.27:694][900]LogModuleManager: Shutting down and abandoning module MRMesh (198)
[2019.01.09-16.09.27:694][900]LogModuleManager: Shutting down and abandoning module SourceCodeAccess (196)
[2019.01.09-16.09.27:694][900]LogModuleManager: Shutting down and abandoning module HeadMountedDisplay (194)
[2019.01.09-16.09.27:694][900]LogModuleManager: Shutting down and abandoning module XAudio2 (192)
[2019.01.09-16.09.27:694][900]LogModuleManager: Shutting down and abandoning module Networking (190)
[2019.01.09-16.09.27:694][900]LogModuleManager: Shutting down and abandoning module Core (188)
[2019.01.09-16.09.27:694][900]LogModuleManager: Shutting down and abandoning module LevelSequence (186)
[2019.01.09-16.09.27:694][900]LogModuleManager: Shutting down and abandoning module KismetCompiler (184)
[2019.01.09-16.09.27:694][900]LogModuleManager: Shutting down and abandoning module MeshUtilities (182)
[2019.01.09-16.09.27:694][900]LogModuleManager: Shutting down and abandoning module MeshMergeUtilities (181)
[2019.01.09-16.09.27:694][900]LogModuleManager: Shutting down and abandoning module MeshReductionInterface (180)
[2019.01.09-16.09.27:694][900]LogModuleManager: Shutting down and abandoning module SimplygonSwarm (179)
[2019.01.09-16.09.27:694][900]LogModuleManager: Shutting down and abandoning module ProxyLODMeshReduction (177)
[2019.01.09-16.09.27:694][900]LogModuleManager: Shutting down and abandoning module SimplygonMeshReduction (175)
[2019.01.09-16.09.27:694][900]LogModuleManager: Shutting down and abandoning module QuadricMeshReduction (173)
[2019.01.09-16.09.27:694][900]LogModuleManager: Shutting down and abandoning module MaterialBaking (169)
[2019.01.09-16.09.27:694][900]LogModuleManager: Shutting down and abandoning module DirectoryWatcher (165)
[2019.01.09-16.09.27:694][900]LogModuleManager: Shutting down and abandoning module DerivedDataCache (162)
[2019.01.09-16.09.27:696][900]LogDerivedDataCache: Shutdown
[2019.01.09-16.09.27:696][900]LogModuleManager: Shutting down and abandoning module XGEController (160)
[2019.01.09-16.09.27:696][900]LogModuleManager: Shutting down and abandoning module TargetPlatform (158)
[2019.01.09-16.09.27:696][900]LogModuleManager: Shutting down and abandoning module VulkanShaderFormat (157)
[2019.01.09-16.09.27:696][900]LogModuleManager: Shutting down and abandoning module ShaderFormatVectorVM (155)
[2019.01.09-16.09.27:696][900]LogModuleManager: Shutting down and abandoning module ShaderFormatOpenGL (153)
[2019.01.09-16.09.27:696][900]LogModuleManager: Shutting down and abandoning module ShaderFormatD3D (151)
[2019.01.09-16.09.27:696][900]LogModuleManager: Shutting down and abandoning module MetalShaderFormat (149)
[2019.01.09-16.09.27:696][900]LogModuleManager: Shutting down and abandoning module TextureFormatUncompressed (147)
[2019.01.09-16.09.27:696][900]LogModuleManager: Shutting down and abandoning module TextureFormatPVR (145)
[2019.01.09-16.09.27:696][900]LogModuleManager: Shutting down and abandoning module TextureFormatDXT (143)
[2019.01.09-16.09.27:696][900]LogModuleManager: Shutting down and abandoning module TextureFormatIntelISPCTexComp (141)
[2019.01.09-16.09.27:696][900]LogModuleManager: Shutting down and abandoning module TextureFormatASTC (139)
[2019.01.09-16.09.27:696][900]LogModuleManager: Shutting down and abandoning module ImageWrapper (138)
[2019.01.09-16.09.27:696][900]LogModuleManager: Shutting down and abandoning module TextureFormatAndroid (135)
[2019.01.09-16.09.27:696][900]LogModuleManager: Shutting down and abandoning module AudioFormatOpus (133)
[2019.01.09-16.09.27:696][900]LogModuleManager: Shutting down and abandoning module AudioFormatOgg (131)
[2019.01.09-16.09.27:696][900]LogModuleManager: Shutting down and abandoning module AudioFormatADPCM (129)
[2019.01.09-16.09.27:696][900]LogModuleManager: Shutting down and abandoning module LuminTargetPlatform (127)
[2019.01.09-16.09.27:696][900]LogModuleManager: Shutting down and abandoning module LinuxTargetPlatform (125)
[2019.01.09-16.09.27:696][900]LogModuleManager: Shutting down and abandoning module LinuxServerTargetPlatform (123)
[2019.01.09-16.09.27:696][900]LogModuleManager: Shutting down and abandoning module LinuxNoEditorTargetPlatform (121)
[2019.01.09-16.09.27:696][900]LogModuleManager: Shutting down and abandoning module LinuxClientTargetPlatform (119)
[2019.01.09-16.09.27:696][900]LogModuleManager: Shutting down and abandoning module TVOSTargetPlatform (117)
[2019.01.09-16.09.27:697][900]LogModuleManager: Shutting down and abandoning module Messaging (115)
[2019.01.09-16.09.27:697][900]LogModuleManager: Shutting down and abandoning module IOSTargetPlatform (113)
[2019.01.09-16.09.27:698][900]LogModuleManager: Shutting down and abandoning module HTML5TargetPlatform (111)
[2019.01.09-16.09.27:698][900]LogModuleManager: Shutting down and abandoning module AndroidTargetPlatform (109)
[2019.01.09-16.09.27:703][900]LogModuleManager: Shutting down and abandoning module WindowsTargetPlatform (107)
[2019.01.09-16.09.27:703][900]LogModuleManager: Shutting down and abandoning module WindowsServerTargetPlatform (105)
[2019.01.09-16.09.27:703][900]LogModuleManager: Shutting down and abandoning module WindowsNoEditorTargetPlatform (103)
[2019.01.09-16.09.27:703][900]LogModuleManager: Shutting down and abandoning module WindowsClientTargetPlatform (101)
[2019.01.09-16.09.27:703][900]LogModuleManager: Shutting down and abandoning module MacTargetPlatform (99)
[2019.01.09-16.09.27:703][900]LogModuleManager: Shutting down and abandoning module MacServerTargetPlatform (97)
[2019.01.09-16.09.27:703][900]LogModuleManager: Shutting down and abandoning module MacNoEditorTargetPlatform (95)
[2019.01.09-16.09.27:703][900]LogModuleManager: Shutting down and abandoning module MacClientTargetPlatform (93)
[2019.01.09-16.09.27:703][900]LogModuleManager: Shutting down and abandoning module AllDesktopTargetPlatform (91)
[2019.01.09-16.09.27:703][900]LogModuleManager: Shutting down and abandoning module InputCore (88)
[2019.01.09-16.09.27:703][900]LogModuleManager: Shutting down and abandoning module Settings (86)
[2019.01.09-16.09.27:703][900]LogModuleManager: Shutting down and abandoning module PhysXCooking (84)
[2019.01.09-16.09.27:703][900]LogModuleManager: Shutting down and abandoning module SteamVR (82)
[2019.01.09-16.09.27:703][900]LogModuleManager: Shutting down and abandoning module OculusHMD (80)
[2019.01.09-16.09.27:703][900]LogModuleManager: Shutting down and abandoning module ExampleDeviceProfileSelector (78)
[2019.01.09-16.09.27:703][900]LogModuleManager: Shutting down and abandoning module LauncherChunkInstaller (76)
[2019.01.09-16.09.27:703][900]LogModuleManager: Shutting down and abandoning module OnlineBlueprintSupport (74)
[2019.01.09-16.09.27:703][900]LogModuleManager: Shutting down and abandoning module OnlineSubsystem (70)
[2019.01.09-16.09.27:704][900]LogModuleManager: Shutting down and abandoning module XMPP (65)
[2019.01.09-16.09.27:704][900]LogModuleManager: Shutting down and abandoning module WebSockets (64)
[2019.01.09-16.09.27:723][900]LogModuleManager: Shutting down and abandoning module HTTP (61)
[2019.01.09-16.09.27:723][900]LogHttp: Display: Http module shutting down, but needs to wait on 1 outstanding Http requests:
[2019.01.09-16.09.27:723][900]LogHttp: Display: 	verb=[POST] url=[https://datarouter.ol.epicgames.com/datarouter/api/v1/public/data?SessionID=%7B75EFD513-4536-25A2-D60E-B9ABB91309EB%7D&AppID=UEEditor.Rocket.Release&AppVersion=4.20.3-4369336%2B%2B%2BUE4%2BRelease-4.20&UserID=5c7425af471c41b5fff626b6e2b64f7d%7C3197012184b6453991554fce33e1b995%7Ce7b110cc-1a49-4b3b-976f-10b06697675e&AppEnvironment=datacollector-binary&UploadType=eteventstream] status=Processing
[2019.01.09-16.09.27:757][900]LogModuleManager: Shutting down and abandoning module SSL (60)
[2019.01.09-16.09.27:758][900]LogModuleManager: Shutting down and abandoning module MagicLeapEmulator (56)
[2019.01.09-16.09.27:758][900]LogModuleManager: Shutting down and abandoning module MagicLeapPrivileges (54)
[2019.01.09-16.09.27:758][900]LogModuleManager: Shutting down and abandoning module MagicLeapIdentity (52)
[2019.01.09-16.09.27:758][900]LogModuleManager: Shutting down and abandoning module MagicLeapHelperVulkan (50)
[2019.01.09-16.09.27:758][900]LogModuleManager: Shutting down and abandoning module MagicLeapHelperOpenGL (48)
[2019.01.09-16.09.27:758][900]LogModuleManager: Shutting down and abandoning module MagicLeapSecureStorage (46)
[2019.01.09-16.09.27:758][900]LogModuleManager: Shutting down and abandoning module MagicLeapGestures (44)
[2019.01.09-16.09.27:758][900]LogModuleManager: Shutting down and abandoning module MagicLeapEyeTracker (42)
[2019.01.09-16.09.27:758][900]LogModuleManager: Shutting down and abandoning module MagicLeapController (40)
[2019.01.09-16.09.27:759][900]LogSlate: Slate User Destroyed.  User Index 0, Is Virtual User: 0
[2019.01.09-16.09.27:759][900]LogModuleManager: Shutting down and abandoning module MagicLeap (38)
[2019.01.09-16.09.27:759][900]LogModuleManager: Shutting down and abandoning module AnimationModifiers (36)
[2019.01.09-16.09.27:759][900]LogModuleManager: Shutting down and abandoning module PropertyEditor (35)
[2019.01.09-16.09.27:759][900]LogModuleManager: Shutting down and abandoning module AudioEditor (32)
[2019.01.09-16.09.27:759][900]LogModuleManager: Shutting down and abandoning module TextureCompressor (30)
[2019.01.09-16.09.27:759][900]LogModuleManager: Shutting down and abandoning module ShaderCore (28)
[2019.01.09-16.09.27:759][900]LogModuleManager: Shutting down and abandoning module Landscape (26)
[2019.01.09-16.09.27:759][900]LogModuleManager: Shutting down and abandoning module SlateRHIRenderer (24)
[2019.01.09-16.09.27:760][900]LogModuleManager: Shutting down and abandoning module OpenGLDrv (22)
[2019.01.09-16.09.27:760][900]LogModuleManager: Shutting down and abandoning module D3D11RHI (20)
[2019.01.09-16.09.27:760][900]LogModuleManager: Shutting down and abandoning module AnimGraphRuntime (18)
[2019.01.09-16.09.27:760][900]LogModuleManager: Shutting down and abandoning module Renderer (16)
[2019.01.09-16.09.27:760][900]LogModuleManager: Shutting down and abandoning module Engine (14)
[2019.01.09-16.09.27:760][900]LogModuleManager: Shutting down and abandoning module CoreUObject (12)
[2019.01.09-16.09.27:760][900]LogModuleManager: Shutting down and abandoning module NetworkFile (10)
[2019.01.09-16.09.27:760][900]LogModuleManager: Shutting down and abandoning module CookedIterativeFile (8)
[2019.01.09-16.09.27:760][900]LogModuleManager: Shutting down and abandoning module StreamingFile (6)
[2019.01.09-16.09.27:760][900]LogModuleManager: Shutting down and abandoning module SandboxFile (4)
[2019.01.09-16.09.27:760][900]LogModuleManager: Shutting down and abandoning module PakFile (2)
[2019.01.09-16.09.27:766][900]LogExit: Exiting.
[2019.01.09-16.09.27:790][900]Log file closed, 01/09/19 09:09:27
